2025-07-20 08:09:56,573 - msr605 - INFO - Logging to file: X:\GitHub\MSR605\logs\msr605_20250720.log
2025-07-20 08:09:57,531 - msr605 - INFO - Logging to file: X:\GitHub\MSR605\logs\msr605_20250720.log
2025-07-20 08:09:57,532 - msr605 - INFO - MSR605 Application starting...
2025-07-20 08:09:57,638 - msr605 - INFO - Application initialized successfully
2025-07-20 08:40:36,335 - msr605 - INFO - Logging to file: X:\GitHub\MSR605\logs\msr605_20250720.log
2025-07-20 08:42:17,315 - msr605 - INFO - Logging to file: X:\GitHub\MSR605\logs\msr605_20250720.log
2025-07-20 08:42:51,490 - msr605 - INFO - Logging to file: X:\GitHub\MSR605\logs\msr605_20250720.log
2025-07-20 08:43:16,756 - msr605 - INFO - Logging to file: X:\GitHub\MSR605\logs\msr605_20250720.log
2025-07-20 08:46:57,777 - msr605 - INFO - Logging to file: X:\GitHub\MSR605\logs\msr605_20250720.log
2025-07-20 08:47:18,980 - msr605 - INFO - Logging to file: X:\GitHub\MSR605\logs\msr605_20250720.log
2025-07-20 08:48:54,991 - msr605 - INFO - Logging to file: X:\GitHub\MSR605\logs\msr605_20250720.log
2025-07-20 08:49:16,787 - msr605 - INFO - Logging to file: X:\GitHub\MSR605\logs\msr605_20250720.log
2025-07-20 09:07:46,653 - msr605 - INFO - Logging to file: X:\GitHub\MSR605\logs\msr605_20250720.log
2025-07-20 09:08:10,125 - msr605 - INFO - Logging to file: X:\GitHub\MSR605\logs\msr605_20250720.log
2025-07-20 11:01:34,900 - msr605 - INFO - Logging to file: x:\GitHub\MSR605\logs\msr605_20250720.log
2025-07-20 11:01:36,625 - msr605 - INFO - Logging to file: x:\GitHub\MSR605\logs\msr605_20250720.log
2025-07-20 11:01:36,625 - msr605 - INFO - MSR605 Application starting...
2025-07-20 11:01:37,135 - msr605 - INFO - Application initialized successfully
2025-07-20 11:06:30,462 - msr605 - INFO - Logging to file: x:\GitHub\MSR605\logs\msr605_20250720.log
2025-07-20 11:06:30,923 - msr605 - INFO - Logging to file: x:\GitHub\MSR605\logs\msr605_20250720.log
2025-07-20 11:06:30,923 - msr605 - INFO - MSR605 Application starting...
2025-07-20 11:06:30,924 - msr605 - INFO - Loading application settings...
2025-07-20 11:06:30,925 - msr605 - INFO - Settings loaded successfully
2025-07-20 11:08:00,684 - msr605 - INFO - Logging to file: x:\GitHub\MSR605\logs\msr605_20250720.log
2025-07-20 11:08:01,149 - msr605 - INFO - Logging to file: x:\GitHub\MSR605\logs\msr605_20250720.log
2025-07-20 11:08:01,149 - msr605 - INFO - MSR605 Application starting...
2025-07-20 11:08:01,150 - msr605 - INFO - Loading application settings...
2025-07-20 11:08:01,150 - msr605 - INFO - Loaded settings - auto_save: False, allow_duplicates: False, coercivity: hi
2025-07-20 11:08:01,150 - msr605 - INFO - Settings loaded successfully
2025-07-20 11:08:39,366 - msr605 - INFO - Logging to file: X:\GitHub\MSR605\logs\msr605_20250720.log
2025-07-20 11:08:39,816 - msr605 - INFO - Logging to file: X:\GitHub\MSR605\logs\msr605_20250720.log
2025-07-20 11:08:39,816 - msr605 - INFO - MSR605 Application starting...
2025-07-20 11:08:39,817 - msr605 - INFO - Loading application settings...
2025-07-20 11:08:39,818 - msr605 - INFO - Loaded settings - auto_save: False, allow_duplicates: False, coercivity: hi
2025-07-20 11:08:39,818 - msr605 - INFO - Settings loaded successfully
2025-07-20 11:09:34,319 - msr605 - INFO - Logging to file: X:\GitHub\MSR605\logs\msr605_20250720.log
2025-07-20 11:09:34,771 - msr605 - INFO - Logging to file: X:\GitHub\MSR605\logs\msr605_20250720.log
2025-07-20 11:09:34,772 - msr605 - INFO - MSR605 Application starting...
2025-07-20 11:09:34,773 - msr605 - INFO - Loading application settings...
2025-07-20 11:09:34,773 - msr605 - INFO - Loaded settings - auto_save: False, allow_duplicates: False, coercivity: hi
2025-07-20 11:09:34,773 - msr605 - INFO - Settings loaded successfully
2025-07-20 11:09:34,830 - msr605 - INFO - Application initialized successfully
2025-07-20 11:11:02,876 - msr605 - INFO - Saving application settings...
2025-07-20 11:11:02,879 - msr605 - INFO - Settings saved successfully
